<?xml version="1.0" encoding="UTF-8"?>
<testsuite name="com.kodilla.stream.sand.SandStorageTestSuite" tests="1" skipped="0" failures="0" errors="0" timestamp="2018-04-27T10:41:07" hostname="marcinsHP" time="0.003">
  <properties/>
  <testcase name="testGetSandBeansQuantity" classname="com.kodilla.stream.sand.SandStorageTestSuite" time="0.003"/>
  <system-out><![CDATA[]]></system-out>
  <system-err><![CDATA[]]></system-err>
</testsuite>
