<?xml version="1.0" encoding="UTF-8"?>
<testsuite name="com.kodilla.stream.world.WorldTestSuite" tests="1" skipped="0" failures="0" errors="0" timestamp="2018-04-26T13:27:31" hostname="marcinsHP" time="0.003">
  <properties/>
  <testcase name="testGetPeopleQuantity" classname="com.kodilla.stream.world.WorldTestSuite" time="0.003"/>
  <system-out><![CDATA[]]></system-out>
  <system-err><![CDATA[]]></system-err>
</testsuite>
